{ "timestamp":"2017-02-06T19:47:14Z", "event":"Fileheader", "part":1, "language":"English\\UK", "gameversion":"2.2", "build":"r131487/r0 " }
{ "timestamp":"2017-02-06T19:50:35Z", "event":"LoadGame", "Commander":"NightBird16", "Ship":"CobraMkIII", "ShipID":1, "GameMode":"Group", "Group":"alierum", "Credits":5853195, "Loan":0 }
{ "timestamp":"2017-02-06T19:50:35Z", "event":"Rank", "Combat":0, "Trade":3, "Explore":2, "Empire":0, "Federation":0, "CQC":0 }
{ "timestamp":"2017-02-06T19:50:35Z", "event":"Progress", "Combat":0, "Trade":15, "Explore":18, "Empire":32, "Federation":65, "CQC":0 }
{ "timestamp":"2017-02-06T19:50:38Z", "event":"ApproachSettlement", "Name":"Darnielle's Progress" }
{ "timestamp":"2017-02-06T19:51:13Z", "event":"Location", "Docked":true, "StationName":"Darnielle's Progress", "StationType":"", "StarSystem":"Maia", "StarPos":[-81.781,-149.438,-343.375], "SystemAllegiance":"Independent", "SystemEconomy":"$economy_Refinery;", "SystemEconomy_Localised":"Refinery", "SystemGovernment":"$government_Anarchy;", "SystemGovernment_Localised":"Anarchy", "SystemSecurity":"$GAlAXY_MAP_INFO_state_anarchy;", "SystemSecurity_Localised":"Anarchy", "Body":"Maia A 2 a", "BodyType":"Planet", "SystemFaction":"The Ant Hill Mob", "FactionState":"Boom" }
{ "timestamp":"2017-02-06T19:51:13Z", "event":"Docked", "StationName":"Darnielle's Progress", "StarSystem":"Maia", "StationFaction":"The Ant Hill Mob", "FactionState":"Boom", "StationGovernment":"$government_Anarchy;", "StationGovernment_Localised":"Anarchy", "StationEconomy":"$economy_Extraction;", "StationEconomy_Localised":"Extraction" }
{ "timestamp":"2017-02-06T19:58:26Z", "event":"Undocked", "StationName":"Darnielle's Progress" }
{ "timestamp":"2017-02-06T19:59:08Z", "event":"ReceiveText", "From":"Darnielle's Progress", "Message":"$STATION_NoFireZone_exited;", "Message_Localised":"No fire zone left.", "Channel":"npc" }
{ "timestamp":"2017-02-06T20:00:13Z", "event":"SupercruiseEntry", "StarSystem":"Maia" }
{ "timestamp":"2017-02-06T20:05:12Z", "event":"FSDJump", "StarSystem":"Pleiades Sector IH-V c2-9", "StarPos":[-72.563,-141.969,-326.281], "SystemAllegiance":"", "SystemEconomy":"$economy_None;", "SystemEconomy_Localised":"None", "SystemGovernment":"$government_None;", "SystemGovernment_Localised":"None", "SystemSecurity":"$SYSTEM_SECURITY_low;", "SystemSecurity_Localised":"Low Security", "JumpDist":20.808, "FuelUsed":2.687384, "FuelLevel":13.312615 }
{ "timestamp":"2017-02-06T20:06:43Z", "event":"FuelScoop", "Scooped":2.687385, "Total":16.000000 }
{ "timestamp":"2017-02-06T20:07:09Z", "event":"FSDJump", "StarSystem":"Pleiades Sector RO-Q b5-2", "StarPos":[-67.031,-136.563,-308.094], "SystemAllegiance":"", "SystemEconomy":"$economy_None;", "SystemEconomy_Localised":"None", "SystemGovernment":"$government_None;", "SystemGovernment_Localised":"None", "SystemSecurity":"$SYSTEM_SECURITY_low;", "SystemSecurity_Localised":"Low Security", "JumpDist":19.764, "FuelUsed":2.387292, "FuelLevel":13.612708 }
{ "timestamp":"2017-02-06T20:08:22Z", "event":"FuelScoop", "Scooped":2.387292, "Total":16.000000 }
{ "timestamp":"2017-02-06T20:08:51Z", "event":"FSDJump", "StarSystem":"Pleiades Sector WU-O b6-0", "StarPos":[-53.875,-128.156,-297.719], "SystemAllegiance":"", "SystemEconomy":"$economy_None;", "SystemEconomy_Localised":"None", "SystemGovernment":"$government_None;", "SystemGovernment_Localised":"None", "SystemSecurity":"$SYSTEM_SECURITY_low;", "SystemSecurity_Localised":"Low Security", "JumpDist":18.745, "FuelUsed":2.113555, "FuelLevel":13.886445 }
{ "timestamp":"2017-02-06T20:10:08Z", "event":"FSDJump", "StarSystem":"Pleiades Sector ZF-N b7-0", "StarPos":[-42.375,-120.250,-281.219], "SystemAllegiance":"", "SystemEconomy":"$economy_None;", "SystemEconomy_Localised":"None", "SystemGovernment":"$government_None;", "SystemGovernment_Localised":"None", "SystemSecurity":"$SYSTEM_SECURITY_low;", "SystemSecurity_Localised":"Low Security", "JumpDist":21.610, "FuelUsed":2.878358, "FuelLevel":11.008087 }
{ "timestamp":"2017-02-06T20:11:56Z", "event":"ReceiveText", "From":"$npc_name_decorate:#name=Michael Holzgruber;", "From_Localised":"Michael Holzgruber", "Message":"$Pirate_HunterHostileSC_Relevant02;", "Message_Localised":"I knew I'd find you eventually, all that tasty cargo!", "Channel":"npc" }
{ "timestamp":"2017-02-06T20:12:09Z", "event":"FuelScoop", "Scooped":4.991913, "Total":16.000000 }
{ "timestamp":"2017-02-06T20:12:46Z", "event":"FSDJump", "StarSystem":"Pleiades Sector RT-R c4-4", "StarPos":[-30.531,-120.719,-263.031], "SystemAllegiance":"", "SystemEconomy":"$economy_None;", "SystemEconomy_Localised":"None", "SystemGovernment":"$government_None;", "SystemGovernment_Localised":"None", "SystemSecurity":"$SYSTEM_SECURITY_low;", "SystemSecurity_Localised":"Low Security", "JumpDist":21.709, "FuelUsed":2.962262, "FuelLevel":13.037738 }
{ "timestamp":"2017-02-06T20:14:11Z", "event":"FuelScoop", "Scooped":2.962262, "Total":16.000000 }
{ "timestamp":"2017-02-06T20:14:46Z", "event":"FSDJump", "StarSystem":"Aries Dark Region RY-Q b5-0", "StarPos":[-20.063,-121.469,-244.719], "SystemAllegiance":"", "SystemEconomy":"$economy_None;", "SystemEconomy_Localised":"None", "SystemGovernment":"$government_None;", "SystemGovernment_Localised":"None", "SystemSecurity":"$SYSTEM_SECURITY_low;", "SystemSecurity_Localised":"Low Security", "JumpDist":21.107, "FuelUsed":2.776822, "FuelLevel":13.223179 }
{ "timestamp":"2017-02-06T20:15:59Z", "event":"FuelScoop", "Scooped":2.776821, "Total":16.000000 }
{ "timestamp":"2017-02-06T20:16:23Z", "event":"FSDJump", "StarSystem":"Hyades Sector DL-Y d83", "StarPos":[-9.156,-105.406,-236.188], "SystemAllegiance":"", "SystemEconomy":"$economy_None;", "SystemEconomy_Localised":"None", "SystemGovernment":"$government_None;", "SystemGovernment_Localised":"None", "SystemSecurity":"$SYSTEM_SECURITY_low;", "SystemSecurity_Localised":"Low Security", "JumpDist":21.207, "FuelUsed":2.807030, "FuelLevel":13.192969 }
{ "timestamp":"2017-02-06T20:17:55Z", "event":"FuelScoop", "Scooped":2.807031, "Total":16.000000 }
{ "timestamp":"2017-02-06T20:18:19Z", "event":"FSDJump", "StarSystem":"Hyades Sector JR-V b2-2", "StarPos":[-4.750,-101.406,-217.906], "SystemAllegiance":"", "SystemEconomy":"$economy_None;", "SystemEconomy_Localised":"None", "SystemGovernment":"$government_None;", "SystemGovernment_Localised":"None", "SystemSecurity":"$SYSTEM_SECURITY_low;", "SystemSecurity_Localised":"Low Security", "JumpDist":19.225, "FuelUsed":2.240279, "FuelLevel":13.759721 }
{ "timestamp":"2017-02-06T20:19:40Z", "event":"FSDJump", "StarSystem":"Hyades Sector FB-X c1-9", "StarPos":[-3.250,-94.656,-197.250], "SystemAllegiance":"", "SystemEconomy":"$economy_None;", "SystemEconomy_Localised":"None", "SystemGovernment":"$government_None;", "SystemGovernment_Localised":"None", "SystemSecurity":"$SYSTEM_SECURITY_low;", "SystemSecurity_Localised":"Low Security", "JumpDist":21.783, "FuelUsed":2.928225, "FuelLevel":10.831496 }
{ "timestamp":"2017-02-06T20:21:27Z", "event":"FuelScoop", "Scooped":5.168504, "Total":16.000000 }
{ "timestamp":"2017-02-06T20:22:03Z", "event":"FSDJump", "StarSystem":"Hyades Sector PI-S b4-0", "StarPos":[-1.375,-81.625,-182.344], "SystemAllegiance":"", "SystemEconomy":"$economy_None;", "SystemEconomy_Localised":"None", "SystemGovernment":"$government_None;", "SystemGovernment_Localised":"None", "SystemSecurity":"$SYSTEM_SECURITY_low;", "SystemSecurity_Localised":"Low Security", "JumpDist":19.888, "FuelUsed":2.421529, "FuelLevel":13.578470 }
{ "timestamp":"2017-02-06T20:23:21Z", "event":"FSDJump", "StarSystem":"HIP 21179", "StarPos":[10.844,-70.000,-169.563], "SystemAllegiance":"Independent", "SystemEconomy":"$economy_Colony;", "SystemEconomy_Localised":"Colony", "SystemGovernment":"$government_Democracy;", "SystemGovernment_Localised":"Democracy", "SystemSecurity":"$SYSTEM_SECURITY_low;", "SystemSecurity_Localised":"Low Security", "JumpDist":21.161, "FuelUsed":2.735248, "FuelLevel":10.843222, "SystemFaction":"HIP 21179 Liberals", "FactionState":"Expansion" }
{ "timestamp":"2017-02-06T20:25:06Z", "event":"FuelScoop", "Scooped":5.156778, "Total":16.000000 }
{ "timestamp":"2017-02-06T20:25:46Z", "event":"FSDJump", "StarSystem":"HIP 22688", "StarPos":[15.438,-50.969,-160.688], "SystemAllegiance":"", "SystemEconomy":"$economy_None;", "SystemEconomy_Localised":"None", "SystemGovernment":"$government_None;", "SystemGovernment_Localised":"None", "SystemSecurity":"$SYSTEM_SECURITY_low;", "SystemSecurity_Localised":"Low Security", "JumpDist":21.496, "FuelUsed":2.895823, "FuelLevel":13.104177 }
{ "timestamp":"2017-02-06T20:27:08Z", "event":"FuelScoop", "Scooped":2.895823, "Total":16.000000 }
{ "timestamp":"2017-02-06T20:27:44Z", "event":"FSDJump", "StarSystem":"Hyades Sector PJ-E a13-1", "StarPos":[26.188,-43.375,-143.563], "SystemAllegiance":"Independent", "SystemEconomy":"$economy_Military;", "SystemEconomy_Localised":"Military", "SystemGovernment":"$government_Democracy;", "SystemGovernment_Localised":"Democracy", "SystemSecurity":"$SYSTEM_SECURITY_low;", "SystemSecurity_Localised":"Low Security", "JumpDist":21.598, "FuelUsed":2.927860, "FuelLevel":13.072140, "SystemFaction":"HIP 24883 Republic Party" }
{ "timestamp":"2017-02-06T20:28:57Z", "event":"FSDJump", "StarSystem":"Hyades Sector SU-C a14-2", "StarPos":[39.406,-30.688,-132.281], "SystemAllegiance":"", "SystemEconomy":"$economy_None;", "SystemEconomy_Localised":"None", "SystemGovernment":"$government_None;", "SystemGovernment_Localised":"None", "SystemSecurity":"$SYSTEM_SECURITY_low;", "SystemSecurity_Localised":"Low Security", "JumpDist":21.517, "FuelUsed":2.829543, "FuelLevel":10.242598 }
{ "timestamp":"2017-02-06T20:30:09Z", "event":"FSDJump", "StarSystem":"Trianguli Sector VO-Z a0", "StarPos":[55.156,-30.500,-117.688], "SystemAllegiance":"", "SystemEconomy":"$economy_None;", "SystemEconomy_Localised":"None", "SystemGovernment":"$government_None;", "SystemGovernment_Localised":"None", "SystemSecurity":"$SYSTEM_SECURITY_low;", "SystemSecurity_Localised":"Low Security", "JumpDist":21.473, "FuelUsed":2.746833, "FuelLevel":7.495765 }
{ "timestamp":"2017-02-06T20:31:23Z", "event":"FSDJump", "StarSystem":"Trianguli Sector EB-W a2-0", "StarPos":[65.813,-32.875,-102.563], "SystemAllegiance":"", "SystemEconomy":"$economy_None;", "SystemEconomy_Localised":"None", "SystemGovernment":"$government_None;", "SystemGovernment_Localised":"None", "SystemSecurity":"$SYSTEM_SECURITY_low;", "SystemSecurity_Localised":"Low Security", "JumpDist":18.654, "FuelUsed":1.939226, "FuelLevel":5.556539 }
{ "timestamp":"2017-02-06T20:31:49Z", "event":"ReceiveText", "From":"$npc_name_decorate:#name=Colin Thimble;", "From_Localised":"Colin Thimble", "Message":"$Pirate_HunterHostileSC_Relevant04;", "Message_Localised":"Big haul like that, surprised you made it this far.", "Channel":"npc" }
{ "timestamp":"2017-02-06T20:32:20Z", "event":"FSDJump", "StarSystem":"Trianguli Sector NN-S a4-1", "StarPos":[77.031,-33.031,-84.313], "SystemAllegiance":"", "SystemEconomy":"$economy_None;", "SystemEconomy_Localised":"None", "SystemGovernment":"$government_None;", "SystemGovernment_Localised":"None", "SystemSecurity":"$SYSTEM_SECURITY_low;", "SystemSecurity_Localised":"Low Security", "JumpDist":21.423, "FuelUsed":2.620127, "FuelLevel":2.936412 }
{ "timestamp":"2017-02-06T20:34:16Z", "event":"FSDJump", "StarSystem":"Trianguli Sector IM-V b2-0", "StarPos":[88.000,-20.750,-71.438], "SystemAllegiance":"", "SystemEconomy":"$economy_None;", "SystemEconomy_Localised":"None", "SystemGovernment":"$government_None;", "SystemGovernment_Localised":"None", "SystemSecurity":"$SYSTEM_SECURITY_low;", "SystemSecurity_Localised":"Low Security", "JumpDist":20.902, "FuelUsed":2.417806, "FuelLevel":0.518605 }
{ "timestamp":"2017-02-06T20:38:59Z", "event":"FuelScoop", "Scooped":15.481395, "Total":16.000000 }
{ "timestamp":"2017-02-06T20:39:43Z", "event":"FSDJump", "StarSystem":"Gandza", "StarPos":[102.938,-15.344,-63.313], "SystemAllegiance":"Federation", "SystemEconomy":"$economy_HighTech;", "SystemEconomy_Localised":"High tech", "SystemGovernment":"$government_Corporate;", "SystemGovernment_Localised":"Corporate", "SystemSecurity":"$SYSTEM_SECURITY_medium;", "SystemSecurity_Localised":"Medium Security", "JumpDist":17.843, "FuelUsed":1.886932, "FuelLevel":14.113069, "SystemFaction":"Gandza Gold Vision Services" }
{ "timestamp":"2017-02-06T20:40:52Z", "event":"FuelScoop", "Scooped":1.886931, "Total":16.000000 }
{ "timestamp":"2017-02-06T20:41:33Z", "event":"FSDJump", "StarSystem":"Kremata", "StarPos":[113.938,-2.344,-54.625], "SystemAllegiance":"Federation", "SystemEconomy":"$economy_Industrial;", "SystemEconomy_Localised":"Industrial", "SystemGovernment":"$government_Corporate;", "SystemGovernment_Localised":"Corporate", "SystemSecurity":"$SYSTEM_SECURITY_low;", "SystemSecurity_Localised":"Low Security", "JumpDist":19.117, "FuelUsed":2.211530, "FuelLevel":13.788470, "SystemFaction":"Kremata Incorporated" }
{ "timestamp":"2017-02-06T20:42:41Z", "event":"FuelScoop", "Scooped":2.211530, "Total":16.000000 }
{ "timestamp":"2017-02-06T20:43:17Z", "event":"FSDJump", "StarSystem":"Deciat", "StarPos":[122.625,-0.813,-47.281], "SystemAllegiance":"Federation", "SystemEconomy":"$economy_Industrial;", "SystemEconomy_Localised":"Industrial", "SystemGovernment":"$government_Democracy;", "SystemGovernment_Localised":"Democracy", "SystemSecurity":"$SYSTEM_SECURITY_medium;", "SystemSecurity_Localised":"Medium Security", "JumpDist":11.478, "FuelUsed":0.684094, "FuelLevel":15.315907, "SystemFaction":"Independent Deciat Green Party" }
{ "timestamp":"2017-02-06T20:44:20Z", "event":"FuelScoop", "Scooped":0.684093, "Total":16.000000 }
{ "timestamp":"2017-02-06T20:51:25Z", "event":"SupercruiseExit", "StarSystem":"Deciat", "Body":"Deciat 6 a", "BodyType":"Planet" }
{ "timestamp":"2017-02-06T21:02:17Z", "event":"DockingRequested", "StationName":"Farseer Inc" }
{ "timestamp":"2017-02-06T21:02:17Z", "event":"ReceiveText", "From":"Farseer Inc", "Message":"$DockingChatter_Neutral;", "Message_Localised":"Ensure to observe starport protocol during your visit, pilot.", "Channel":"npc" }
{ "timestamp":"2017-02-06T21:02:18Z", "event":"ReceiveText", "From":"Farseer Inc", "Message":"$STATION_docking_granted;", "Message_Localised":"Docking request granted.", "Channel":"npc" }
{ "timestamp":"2017-02-06T21:02:18Z", "event":"DockingGranted", "LandingPad":6, "StationName":"Farseer Inc" }
{ "timestamp":"2017-02-06T21:03:01Z", "event":"ReceiveText", "From":"Farseer Inc", "Message":"$STATION_NoFireZone_entered;", "Message_Localised":"No fire zone entered.", "Channel":"npc" }
{ "timestamp":"2017-02-06T21:05:12Z", "event":"Docked", "StationName":"Farseer Inc", "StarSystem":"Deciat", "StationFaction":"Felicity Farseer", "StationGovernment":"$government_Engineer;", "StationGovernment_Localised":"Workshop", "StationAllegiance":"Federation", "StationEconomy":"$economy_Colony;", "StationEconomy_Localised":"Colony" }
{ "timestamp":"2017-02-06T21:07:22Z", "event":"RefuelAll", "Cost":20, "Amount":0.383132 }
{ "timestamp":"2017-02-06T21:07:25Z", "event":"RepairAll", "Cost":1136 }
{ "timestamp":"2017-02-06T21:09:41Z", "event":"EngineerProgress", "Engineer":"Felicity Farseer", "Progress":"Unlocked", "Rank":1 }
{ "timestamp":"2017-02-06T21:20:15Z", "event":"EngineerCraft", "Engineer":"Felicity Farseer", "Blueprint":"FSD_LongRange", "Level":1, "Ingredients":{"disruptedwakeechoes":1 } }
{ "timestamp":"2017-02-06T21:21:03Z", "event":"EngineerApply", "Engineer":"Felicity Farseer", "Blueprint":"FSD_LongRange", "Level":1 }
{ "timestamp":"2017-02-06T21:21:43Z", "event":"EngineerCraft", "Engineer":"Felicity Farseer", "Blueprint":"FSD_LongRange", "Level":1, "Ingredients":{"disruptedwakeechoes":1 } }
{ "timestamp":"2017-02-06T21:23:09Z", "event":"EngineerCraft", "Engineer":"Felicity Farseer", "Blueprint":"FSD_LongRange", "Level":1, "Ingredients":{"disruptedwakeechoes":1 } }
{ "timestamp":"2017-02-06T21:23:17Z", "event":"EngineerProgress", "Engineer":"Felicity Farseer", "Rank":2 }
{ "timestamp":"2017-02-06T21:24:39Z", "event":"EngineerCraft", "Engineer":"Felicity Farseer", "Blueprint":"FSD_LongRange", "Level":1, "Ingredients":{"disruptedwakeechoes":1 } }
{ "timestamp":"2017-02-06T21:25:56Z", "event":"EngineerApply", "Engineer":"Felicity Farseer", "Blueprint":"FSD_LongRange", "Level":1 }
